Terminals unused in grammar

   TOKEN_ERRO


Grammar

    0 $accept: programa $end

    1 programa: %empty
    2         | programa content

    3 content: type_def ';'
    4        | global_def ';'
    5        | func_dec

    6 type_def: TK_PR_CLASS TK_IDENTIFICADOR '[' type_def_campos ']'

    7 type_def_campos: type_def_campo
    8                | type_def_campos ':' type_def_campo

    9 type_def_campo: type_def_camp_enc native_type TK_IDENTIFICADOR

   10 type_def_camp_enc: TK_PR_PROTECTED
   11                  | TK_PR_PRIVATE
   12                  | TK_PR_PUBLIC

   13 native_type: TK_PR_INT
   14            | TK_PR_FLOAT
   15            | TK_PR_CHAR
   16            | TK_PR_BOOL
   17            | TK_PR_STRING

   18 global_def: global_var
   19           | global_arr

   20 global_var: TK_PR_STATIC type TK_IDENTIFICADOR
   21           | type TK_IDENTIFICADOR

   22 global_arr: TK_PR_STATIC type TK_IDENTIFICADOR '[' int_pos ']'
   23           | type TK_IDENTIFICADOR '[' int_pos ']'

   24 type: native_type
   25     | TK_IDENTIFICADOR

   26 int_pos: TK_LIT_INT

   27 func_dec: TK_PR_STATIC type TK_IDENTIFICADOR '(' params_dec ')' block
   28         | type TK_IDENTIFICADOR '(' params_dec ')' block

   29 params_dec: %empty
   30           | params_dec_list

   31 params_dec_list: param_dec
   32                | params_dec_list ',' param_dec

   33 param_dec: TK_PR_CONST type TK_IDENTIFICADOR
   34          | type TK_IDENTIFICADOR

   35 block: '{' commands '}'

   36 commands: %empty
   37         | commands command

   38 command: var_dec ';'
   39        | shift_cmd ';'
   40        | assig_cmd ';'
   41        | block
   42        | io_cmd ';'
   43        | func_call ';'
   44        | return_cmd ';'
   45        | break_cmd ';'
   46        | continue_cmd ';'
   47        | case_cmd
   48        | pipe_exp ';'
   49        | if_stm
   50        | foreach
   51        | while
   52        | do_while ';'
   53        | switch
   54        | for

   55 var_dec: TK_PR_STATIC TK_PR_CONST type TK_IDENTIFICADOR init_var
   56        | TK_PR_STATIC type TK_IDENTIFICADOR init_var
   57        | TK_PR_CONST type TK_IDENTIFICADOR init_var
   58        | type TK_IDENTIFICADOR init_var

   59 init_var: %empty
   60         | TK_OC_LE literal
   61         | TK_OC_LE TK_IDENTIFICADOR

   62 literal: TK_LIT_INT
   63        | '+' TK_LIT_INT
   64        | '-' TK_LIT_INT
   65        | TK_LIT_FLOAT
   66        | '+' TK_LIT_FLOAT
   67        | '-' TK_LIT_FLOAT
   68        | TK_LIT_FALSE
   69        | TK_LIT_TRUE
   70        | TK_LIT_CHAR
   71        | TK_LIT_STRING

   72 shift_cmd: TK_IDENTIFICADOR TK_OC_SL int_pos
   73          | TK_IDENTIFICADOR TK_OC_SR int_pos

   74 assig_cmd: TK_IDENTIFICADOR '=' exp
   75          | TK_IDENTIFICADOR '[' exp ']' '=' exp
   76          | TK_IDENTIFICADOR '.' TK_IDENTIFICADOR '=' exp

   77 io_cmd: TK_PR_INPUT exp
   78       | TK_PR_OUTPUT exps_list

   79 func_call: TK_IDENTIFICADOR '(' params ')'

   80 params: %empty
   81       | params_list

   82 params_list: param
   83            | params_list ',' param

   84 param: exp

   85 return_cmd: TK_PR_RETURN exp

   86 break_cmd: TK_PR_BREAK

   87 continue_cmd: TK_PR_CONTINUE

   88 case_cmd: TK_PR_CASE TK_LIT_INT ':'

   89 pipe_exp: func_call TK_OC_PG func_call
   90         | func_call TK_OC_PB func_call
   91         | pipe_exp TK_OC_PG func_call
   92         | pipe_exp TK_OC_PB func_call

   93 if_stm: TK_PR_IF '(' exp ')' TK_PR_THEN block
   94       | TK_PR_IF '(' exp ')' TK_PR_THEN block TK_PR_ELSE block

   95 foreach: TK_PR_FOREACH '(' TK_IDENTIFICADOR ':' exps_list ')' block

   96 while: TK_PR_WHILE '(' exp ')' TK_PR_DO block

   97 do_while: TK_PR_DO block TK_PR_WHILE '(' exp ')'

   98 switch: TK_PR_SWITCH '(' exp ')' block

   99 for: TK_PR_FOR '(' cmd_list ':' exp ':' cmd_list ')' block

  100 cmd_list: cmd
  101         | cmd_list ',' cmd

  102 cmd: var_dec
  103    | shift_cmd
  104    | assig_cmd

  105 exp: TK_IDENTIFICADOR
  106    | TK_IDENTIFICADOR '[' exp ']'
  107    | TK_LIT_INT
  108    | TK_LIT_FLOAT
  109    | exp '+' exp
  110    | exp '-' exp
  111    | exp '*' exp
  112    | exp '/' exp
  113    | '(' exp ')'
  114    | exp TK_OC_EQ exp
  115    | exp TK_OC_NE exp
  116    | exp TK_OC_GE
  117    | exp TK_OC_LE exp
  118    | exp '>' exp
  119    | exp '<' exp
  120    | exp TK_OC_AND exp
  121    | exp TK_OC_OR exp
  122    | func_call
  123    | pipe_exp
  124    | TK_LIT_STRING
  125    | TK_LIT_CHAR
  126    | exp '%' exp
  127    | TK_LIT_TRUE
  128    | TK_LIT_FALSE
  129    | '!' exp
  130    | '.'
  131    | '-' exp

  132 exps_list: exp
  133          | exps_list ',' exp


Terminals, with rules where they appear

$end (0) 0
'!' (33) 129
'%' (37) 126
'(' (40) 27 28 79 93 94 95 96 97 98 99 113
')' (41) 27 28 79 93 94 95 96 97 98 99 113
'*' (42) 111
'+' (43) 63 66 109
',' (44) 32 83 101 133
'-' (45) 64 67 110 131
'.' (46) 76 130
'/' (47) 112
':' (58) 8 88 95 99
';' (59) 3 4 38 39 40 42 43 44 45 46 48 52
'<' (60) 119
'=' (61) 74 75 76
'>' (62) 118
'[' (91) 6 22 23 75 106
']' (93) 6 22 23 75 106
'{' (123) 35
'}' (125) 35
error (256)
TK_PR_INT (258) 13
TK_PR_FLOAT (259) 14
TK_PR_BOOL (260) 16
TK_PR_CHAR (261) 15
TK_PR_STRING (262) 17
TK_PR_IF (263) 93 94
TK_PR_THEN (264) 93 94
TK_PR_ELSE (265) 94
TK_PR_WHILE (266) 96 97
TK_PR_DO (267) 96 97
TK_PR_INPUT (268) 77
TK_PR_OUTPUT (269) 78
TK_PR_RETURN (270) 85
TK_PR_CONST (271) 33 55 57
TK_PR_STATIC (272) 20 22 27 55 56
TK_PR_FOREACH (273) 95
TK_PR_FOR (274) 99
TK_PR_SWITCH (275) 98
TK_PR_CASE (276) 88
TK_PR_BREAK (277) 86
TK_PR_CONTINUE (278) 87
TK_PR_CLASS (279) 6
TK_PR_PRIVATE (280) 11
TK_PR_PUBLIC (281) 12
TK_PR_PROTECTED (282) 10
TK_OC_LE (283) 60 61 117
TK_OC_GE (284) 116
TK_OC_EQ (285) 114
TK_OC_NE (286) 115
TK_OC_AND (287) 120
TK_OC_OR (288) 121
TK_OC_SL (289) 72
TK_OC_SR (290) 73
TK_OC_PG (291) 89 91
TK_OC_PB (292) 90 92
TK_LIT_INT (293) 26 62 63 64 88 107
TK_LIT_FLOAT (294) 65 66 67 108
TK_LIT_FALSE (295) 68 128
TK_LIT_TRUE (296) 69 127
TK_LIT_CHAR (297) 70 125
TK_LIT_STRING (298) 71 124
TK_IDENTIFICADOR (299) 6 9 20 21 22 23 25 27 28 33 34 55 56 57 58 61
    72 73 74 75 76 79 95 105 106
TOKEN_ERRO (300)


Nonterminals, with rules where they appear

$accept (65)
    on left: 0
programa (66)
    on left: 1 2, on right: 0 2
content (67)
    on left: 3 4 5, on right: 2
type_def (68)
    on left: 6, on right: 3
type_def_campos (69)
    on left: 7 8, on right: 6 8
type_def_campo (70)
    on left: 9, on right: 7 8
type_def_camp_enc (71)
    on left: 10 11 12, on right: 9
native_type (72)
    on left: 13 14 15 16 17, on right: 9 24
global_def (73)
    on left: 18 19, on right: 4
global_var (74)
    on left: 20 21, on right: 18
global_arr (75)
    on left: 22 23, on right: 19
type (76)
    on left: 24 25, on right: 20 21 22 23 27 28 33 34 55 56 57 58
int_pos (77)
    on left: 26, on right: 22 23 72 73
func_dec (78)
    on left: 27 28, on right: 5
params_dec (79)
    on left: 29 30, on right: 27 28
params_dec_list (80)
    on left: 31 32, on right: 30 32
param_dec (81)
    on left: 33 34, on right: 31 32
block (82)
    on left: 35, on right: 27 28 41 93 94 95 96 97 98 99
commands (83)
    on left: 36 37, on right: 35 37
command (84)
    on left: 38 39 40 41 42 43 44 45 46 47 48 49 50 51 52 53 54, on right:
    37
var_dec (85)
    on left: 55 56 57 58, on right: 38 102
init_var (86)
    on left: 59 60 61, on right: 55 56 57 58
literal (87)
    on left: 62 63 64 65 66 67 68 69 70 71, on right: 60
shift_cmd (88)
    on left: 72 73, on right: 39 103
assig_cmd (89)
    on left: 74 75 76, on right: 40 104
io_cmd (90)
    on left: 77 78, on right: 42
func_call (91)
    on left: 79, on right: 43 89 90 91 92 122
params (92)
    on left: 80 81, on right: 79
params_list (93)
    on left: 82 83, on right: 81 83
param (94)
    on left: 84, on right: 82 83
return_cmd (95)
    on left: 85, on right: 44
break_cmd (96)
    on left: 86, on right: 45
continue_cmd (97)
    on left: 87, on right: 46
case_cmd (98)
    on left: 88, on right: 47
pipe_exp (99)
    on left: 89 90 91 92, on right: 48 91 92 123
if_stm (100)
    on left: 93 94, on right: 49
foreach (101)
    on left: 95, on right: 50
while (102)
    on left: 96, on right: 51
do_while (103)
    on left: 97, on right: 52
switch (104)
    on left: 98, on right: 53
for (105)
    on left: 99, on right: 54
cmd_list (106)
    on left: 100 101, on right: 99 101
cmd (107)
    on left: 102 103 104, on right: 100 101
exp (108)
    on left: 105 106 107 108 109 110 111 112 113 114 115 116 117 118
    119 120 121 122 123 124 125 126 127 128 129 130 131, on right:
    74 75 76 77 84 85 93 94 96 97 98 99 106 109 110 111 112 113 114
    115 116 117 118 119 120 121 126 129 131 132 133
exps_list (109)
    on left: 132 133, on right: 78 95 133


State 0

    0 $accept: . programa $end

    $default  reduce using rule 1 (programa)

    programa  go to state 1


State 1

    0 $accept: programa . $end
    2 programa: programa . content

    $end              shift, and go to state 2
    TK_PR_INT         shift, and go to state 3
    TK_PR_FLOAT       shift, and go to state 4
    TK_PR_BOOL        shift, and go to state 5
    TK_PR_CHAR        shift, and go to state 6
    TK_PR_STRING      shift, and go to state 7
    TK_PR_STATIC      shift, and go to state 8
    TK_PR_CLASS       shift, and go to state 9
    TK_IDENTIFICADOR  shift, and go to state 10

    content      go to state 11
    type_def     go to state 12
    native_type  go to state 13
    global_def   go to state 14
    global_var   go to state 15
    global_arr   go to state 16
    type         go to state 17
    func_dec     go to state 18


State 2

    0 $accept: programa $end .

    $default  accept


State 3

   13 native_type: TK_PR_INT .

    $default  reduce using rule 13 (native_type)


State 4

   14 native_type: TK_PR_FLOAT .

    $default  reduce using rule 14 (native_type)


State 5

   16 native_type: TK_PR_BOOL .

    $default  reduce using rule 16 (native_type)


State 6

   15 native_type: TK_PR_CHAR .

    $default  reduce using rule 15 (native_type)


State 7

   17 native_type: TK_PR_STRING .

    $default  reduce using rule 17 (native_type)


State 8

   20 global_var: TK_PR_STATIC . type TK_IDENTIFICADOR
   22 global_arr: TK_PR_STATIC . type TK_IDENTIFICADOR '[' int_pos ']'
   27 func_dec: TK_PR_STATIC . type TK_IDENTIFICADOR '(' params_dec ')' block

    TK_PR_INT         shift, and go to state 3
    TK_PR_FLOAT       shift, and go to state 4
    TK_PR_BOOL        shift, and go to state 5
    TK_PR_CHAR        shift, and go to state 6
    TK_PR_STRING      shift, and go to state 7
    TK_IDENTIFICADOR  shift, and go to state 10

    native_type  go to state 13
    type         go to state 19


State 9

    6 type_def: TK_PR_CLASS . TK_IDENTIFICADOR '[' type_def_campos ']'

    TK_IDENTIFICADOR  shift, and go to state 20


State 10

   25 type: TK_IDENTIFICADOR .

    $default  reduce using rule 25 (type)


State 11

    2 programa: programa content .

    $default  reduce using rule 2 (programa)


State 12

    3 content: type_def . ';'

    ';'  shift, and go to state 21


State 13

   24 type: native_type .

    $default  reduce using rule 24 (type)


State 14

    4 content: global_def . ';'

    ';'  shift, and go to state 22


State 15

   18 global_def: global_var .

    $default  reduce using rule 18 (global_def)


State 16

   19 global_def: global_arr .

    $default  reduce using rule 19 (global_def)


State 17

   21 global_var: type . TK_IDENTIFICADOR
   23 global_arr: type . TK_IDENTIFICADOR '[' int_pos ']'
   28 func_dec: type . TK_IDENTIFICADOR '(' params_dec ')' block

    TK_IDENTIFICADOR  shift, and go to state 23


State 18

    5 content: func_dec .

    $default  reduce using rule 5 (content)


State 19

   20 global_var: TK_PR_STATIC type . TK_IDENTIFICADOR
   22 global_arr: TK_PR_STATIC type . TK_IDENTIFICADOR '[' int_pos ']'
   27 func_dec: TK_PR_STATIC type . TK_IDENTIFICADOR '(' params_dec ')' block

    TK_IDENTIFICADOR  shift, and go to state 24


State 20

    6 type_def: TK_PR_CLASS TK_IDENTIFICADOR . '[' type_def_campos ']'

    '['  shift, and go to state 25


State 21

    3 content: type_def ';' .

    $default  reduce using rule 3 (content)


State 22

    4 content: global_def ';' .

    $default  reduce using rule 4 (content)


State 23

   21 global_var: type TK_IDENTIFICADOR .
   23 global_arr: type TK_IDENTIFICADOR . '[' int_pos ']'
   28 func_dec: type TK_IDENTIFICADOR . '(' params_dec ')' block

    '['  shift, and go to state 26
    '('  shift, and go to state 27

    $default  reduce using rule 21 (global_var)


State 24

   20 global_var: TK_PR_STATIC type TK_IDENTIFICADOR .
   22 global_arr: TK_PR_STATIC type TK_IDENTIFICADOR . '[' int_pos ']'
   27 func_dec: TK_PR_STATIC type TK_IDENTIFICADOR . '(' params_dec ')' block

    '['  shift, and go to state 28
    '('  shift, and go to state 29

    $default  reduce using rule 20 (global_var)


State 25

    6 type_def: TK_PR_CLASS TK_IDENTIFICADOR '[' . type_def_campos ']'

    TK_PR_PRIVATE    shift, and go to state 30
    TK_PR_PUBLIC     shift, and go to state 31
    TK_PR_PROTECTED  shift, and go to state 32

    type_def_campos    go to state 33
    type_def_campo     go to state 34
    type_def_camp_enc  go to state 35


State 26

   23 global_arr: type TK_IDENTIFICADOR '[' . int_pos ']'

    TK_LIT_INT  shift, and go to state 36

    int_pos  go to state 37


State 27

   28 func_dec: type TK_IDENTIFICADOR '(' . params_dec ')' block

    TK_PR_INT         shift, and go to state 3
    TK_PR_FLOAT       shift, and go to state 4
    TK_PR_BOOL        shift, and go to state 5
    TK_PR_CHAR        shift, and go to state 6
    TK_PR_STRING      shift, and go to state 7
    TK_PR_CONST       shift, and go to state 38
    TK_IDENTIFICADOR  shift, and go to state 10

    $default  reduce using rule 29 (params_dec)

    native_type      go to state 13
    type             go to state 39
    params_dec       go to state 40
    params_dec_list  go to state 41
    param_dec        go to state 42


State 28

   22 global_arr: TK_PR_STATIC type TK_IDENTIFICADOR '[' . int_pos ']'

    TK_LIT_INT  shift, and go to state 36

    int_pos  go to state 43


State 29

   27 func_dec: TK_PR_STATIC type TK_IDENTIFICADOR '(' . params_dec ')' block

    TK_PR_INT         shift, and go to state 3
    TK_PR_FLOAT       shift, and go to state 4
    TK_PR_BOOL        shift, and go to state 5
    TK_PR_CHAR        shift, and go to state 6
    TK_PR_STRING      shift, and go to state 7
    TK_PR_CONST       shift, and go to state 38
    TK_IDENTIFICADOR  shift, and go to state 10

    $default  reduce using rule 29 (params_dec)

    native_type      go to state 13
    type             go to state 39
    params_dec       go to state 44
    params_dec_list  go to state 41
    param_dec        go to state 42


State 30

   11 type_def_camp_enc: TK_PR_PRIVATE .

    $default  reduce using rule 11 (type_def_camp_enc)


State 31

   12 type_def_camp_enc: TK_PR_PUBLIC .

    $default  reduce using rule 12 (type_def_camp_enc)


State 32

   10 type_def_camp_enc: TK_PR_PROTECTED .

    $default  reduce using rule 10 (type_def_camp_enc)


State 33

    6 type_def: TK_PR_CLASS TK_IDENTIFICADOR '[' type_def_campos . ']'
    8 type_def_campos: type_def_campos . ':' type_def_campo

    ']'  shift, and go to state 45
    ':'  shift, and go to state 46


State 34

    7 type_def_campos: type_def_campo .

    $default  reduce using rule 7 (type_def_campos)


State 35

    9 type_def_campo: type_def_camp_enc . native_type TK_IDENTIFICADOR

    TK_PR_INT     shift, and go to state 3
    TK_PR_FLOAT   shift, and go to state 4
    TK_PR_BOOL    shift, and go to state 5
    TK_PR_CHAR    shift, and go to state 6
    TK_PR_STRING  shift, and go to state 7

    native_type  go to state 47


State 36

   26 int_pos: TK_LIT_INT .

    $default  reduce using rule 26 (int_pos)


State 37

   23 global_arr: type TK_IDENTIFICADOR '[' int_pos . ']'

    ']'  shift, and go to state 48


State 38

   33 param_dec: TK_PR_CONST . type TK_IDENTIFICADOR

    TK_PR_INT         shift, and go to state 3
    TK_PR_FLOAT       shift, and go to state 4
    TK_PR_BOOL        shift, and go to state 5
    TK_PR_CHAR        shift, and go to state 6
    TK_PR_STRING      shift, and go to state 7
    TK_IDENTIFICADOR  shift, and go to state 10

    native_type  go to state 13
    type         go to state 49


State 39

   34 param_dec: type . TK_IDENTIFICADOR

    TK_IDENTIFICADOR  shift, and go to state 50


State 40

   28 func_dec: type TK_IDENTIFICADOR '(' params_dec . ')' block

    ')'  shift, and go to state 51


State 41

   30 params_dec: params_dec_list .
   32 params_dec_list: params_dec_list . ',' param_dec

    ','  shift, and go to state 52

    $default  reduce using rule 30 (params_dec)


State 42

   31 params_dec_list: param_dec .

    $default  reduce using rule 31 (params_dec_list)


State 43

   22 global_arr: TK_PR_STATIC type TK_IDENTIFICADOR '[' int_pos . ']'

    ']'  shift, and go to state 53


State 44

   27 func_dec: TK_PR_STATIC type TK_IDENTIFICADOR '(' params_dec . ')' block

    ')'  shift, and go to state 54


State 45

    6 type_def: TK_PR_CLASS TK_IDENTIFICADOR '[' type_def_campos ']' .

    $default  reduce using rule 6 (type_def)


State 46

    8 type_def_campos: type_def_campos ':' . type_def_campo

    TK_PR_PRIVATE    shift, and go to state 30
    TK_PR_PUBLIC     shift, and go to state 31
    TK_PR_PROTECTED  shift, and go to state 32

    type_def_campo     go to state 55
    type_def_camp_enc  go to state 35


State 47

    9 type_def_campo: type_def_camp_enc native_type . TK_IDENTIFICADOR

    TK_IDENTIFICADOR  shift, and go to state 56


State 48

   23 global_arr: type TK_IDENTIFICADOR '[' int_pos ']' .

    $default  reduce using rule 23 (global_arr)


State 49

   33 param_dec: TK_PR_CONST type . TK_IDENTIFICADOR

    TK_IDENTIFICADOR  shift, and go to state 57


State 50

   34 param_dec: type TK_IDENTIFICADOR .

    $default  reduce using rule 34 (param_dec)


State 51

   28 func_dec: type TK_IDENTIFICADOR '(' params_dec ')' . block

    '{'  shift, and go to state 58

    block  go to state 59


State 52

   32 params_dec_list: params_dec_list ',' . param_dec

    TK_PR_INT         shift, and go to state 3
    TK_PR_FLOAT       shift, and go to state 4
    TK_PR_BOOL        shift, and go to state 5
    TK_PR_CHAR        shift, and go to state 6
    TK_PR_STRING      shift, and go to state 7
    TK_PR_CONST       shift, and go to state 38
    TK_IDENTIFICADOR  shift, and go to state 10

    native_type  go to state 13
    type         go to state 39
    param_dec    go to state 60


State 53

   22 global_arr: TK_PR_STATIC type TK_IDENTIFICADOR '[' int_pos ']' .

    $default  reduce using rule 22 (global_arr)


State 54

   27 func_dec: TK_PR_STATIC type TK_IDENTIFICADOR '(' params_dec ')' . block

    '{'  shift, and go to state 58

    block  go to state 61


State 55

    8 type_def_campos: type_def_campos ':' type_def_campo .

    $default  reduce using rule 8 (type_def_campos)


State 56

    9 type_def_campo: type_def_camp_enc native_type TK_IDENTIFICADOR .

    $default  reduce using rule 9 (type_def_campo)


State 57

   33 param_dec: TK_PR_CONST type TK_IDENTIFICADOR .

    $default  reduce using rule 33 (param_dec)


State 58

   35 block: '{' . commands '}'

    $default  reduce using rule 36 (commands)

    commands  go to state 62


State 59

   28 func_dec: type TK_IDENTIFICADOR '(' params_dec ')' block .

    $default  reduce using rule 28 (func_dec)


State 60

   32 params_dec_list: params_dec_list ',' param_dec .

    $default  reduce using rule 32 (params_dec_list)


State 61

   27 func_dec: TK_PR_STATIC type TK_IDENTIFICADOR '(' params_dec ')' block .

    $default  reduce using rule 27 (func_dec)


State 62

   35 block: '{' commands . '}'
   37 commands: commands . command

    TK_PR_INT         shift, and go to state 3
    TK_PR_FLOAT       shift, and go to state 4
    TK_PR_BOOL        shift, and go to state 5
    TK_PR_CHAR        shift, and go to state 6
    TK_PR_STRING      shift, and go to state 7
    TK_PR_IF          shift, and go to state 63
    TK_PR_WHILE       shift, and go to state 64
    TK_PR_DO          shift, and go to state 65
    TK_PR_INPUT       shift, and go to state 66
    TK_PR_OUTPUT      shift, and go to state 67
    TK_PR_RETURN      shift, and go to state 68
    TK_PR_CONST       shift, and go to state 69
    TK_PR_STATIC      shift, and go to state 70
    TK_PR_FOREACH     shift, and go to state 71
    TK_PR_FOR         shift, and go to state 72
    TK_PR_SWITCH      shift, and go to state 73
    TK_PR_CASE        shift, and go to state 74
    TK_PR_BREAK       shift, and go to state 75
    TK_PR_CONTINUE    shift, and go to state 76
    TK_IDENTIFICADOR  shift, and go to state 77
    '{'               shift, and go to state 58
    '}'               shift, and go to state 78

    native_type   go to state 13
    type          go to state 79
    block         go to state 80
    command       go to state 81
    var_dec       go to state 82
    shift_cmd     go to state 83
    assig_cmd     go to state 84
    io_cmd        go to state 85
    func_call     go to state 86
    return_cmd    go to state 87
    break_cmd     go to state 88
    continue_cmd  go to state 89
    case_cmd      go to state 90
    pipe_exp      go to state 91
    if_stm        go to state 92
    foreach       go to state 93
    while         go to state 94
    do_while      go to state 95
    switch        go to state 96
    for           go to state 97


State 63

   93 if_stm: TK_PR_IF . '(' exp ')' TK_PR_THEN block
   94       | TK_PR_IF . '(' exp ')' TK_PR_THEN block TK_PR_ELSE block

    '('  shift, and go to state 98


State 64

   96 while: TK_PR_WHILE . '(' exp ')' TK_PR_DO block

    '('  shift, and go to state 99


State 65

   97 do_while: TK_PR_DO . block TK_PR_WHILE '(' exp ')'

    '{'  shift, and go to state 58

    block  go to state 100


State 66

   77 io_cmd: TK_PR_INPUT . exp

    TK_LIT_INT        shift, and go to state 101
    TK_LIT_FLOAT      shift, and go to state 102
    TK_LIT_FALSE      shift, and go to state 103
    TK_LIT_TRUE       shift, and go to state 104
    TK_LIT_CHAR       shift, and go to state 105
    TK_LIT_STRING     shift, and go to state 106
    TK_IDENTIFICADOR  shift, and go to state 107
    '-'               shift, and go to state 108
    '!'               shift, and go to state 109
    '('               shift, and go to state 110
    '.'               shift, and go to state 111

    func_call  go to state 112
    pipe_exp   go to state 113
    exp        go to state 114


State 67

   78 io_cmd: TK_PR_OUTPUT . exps_list

    TK_LIT_INT        shift, and go to state 101
    TK_LIT_FLOAT      shift, and go to state 102
    TK_LIT_FALSE      shift, and go to state 103
    TK_LIT_TRUE       shift, and go to state 104
    TK_LIT_CHAR       shift, and go to state 105
    TK_LIT_STRING     shift, and go to state 106
    TK_IDENTIFICADOR  shift, and go to state 107
    '-'               shift, and go to state 108
    '!'               shift, and go to state 109
    '('               shift, and go to state 110
    '.'               shift, and go to state 111

    func_call  go to state 112
    pipe_exp   go to state 113
    exp        go to state 115
    exps_list  go to state 116


State 68

   85 return_cmd: TK_PR_RETURN . exp

    TK_LIT_INT        shift, and go to state 101
    TK_LIT_FLOAT      shift, and go to state 102
    TK_LIT_FALSE      shift, and go to state 103
    TK_LIT_TRUE       shift, and go to state 104
    TK_LIT_CHAR       shift, and go to state 105
    TK_LIT_STRING     shift, and go to state 106
    TK_IDENTIFICADOR  shift, and go to state 107
    '-'               shift, and go to state 108
    '!'               shift, and go to state 109
    '('               shift, and go to state 110
    '.'               shift, and go to state 111

    func_call  go to state 112
    pipe_exp   go to state 113
    exp        go to state 117


State 69

   57 var_dec: TK_PR_CONST . type TK_IDENTIFICADOR init_var

    TK_PR_INT         shift, and go to state 3
    TK_PR_FLOAT       shift, and go to state 4
    TK_PR_BOOL        shift, and go to state 5
    TK_PR_CHAR        shift, and go to state 6
    TK_PR_STRING      shift, and go to state 7
    TK_IDENTIFICADOR  shift, and go to state 10

    native_type  go to state 13
    type         go to state 118


State 70

   55 var_dec: TK_PR_STATIC . TK_PR_CONST type TK_IDENTIFICADOR init_var
   56        | TK_PR_STATIC . type TK_IDENTIFICADOR init_var

    TK_PR_INT         shift, and go to state 3
    TK_PR_FLOAT       shift, and go to state 4
    TK_PR_BOOL        shift, and go to state 5
    TK_PR_CHAR        shift, and go to state 6
    TK_PR_STRING      shift, and go to state 7
    TK_PR_CONST       shift, and go to state 119
    TK_IDENTIFICADOR  shift, and go to state 10

    native_type  go to state 13
    type         go to state 120


State 71

   95 foreach: TK_PR_FOREACH . '(' TK_IDENTIFICADOR ':' exps_list ')' block

    '('  shift, and go to state 121


State 72

   99 for: TK_PR_FOR . '(' cmd_list ':' exp ':' cmd_list ')' block

    '('  shift, and go to state 122


State 73

   98 switch: TK_PR_SWITCH . '(' exp ')' block

    '('  shift, and go to state 123


State 74

   88 case_cmd: TK_PR_CASE . TK_LIT_INT ':'

    TK_LIT_INT  shift, and go to state 124


State 75

   86 break_cmd: TK_PR_BREAK .

    $default  reduce using rule 86 (break_cmd)


State 76

   87 continue_cmd: TK_PR_CONTINUE .

    $default  reduce using rule 87 (continue_cmd)


State 77

   25 type: TK_IDENTIFICADOR .
   72 shift_cmd: TK_IDENTIFICADOR . TK_OC_SL int_pos
   73          | TK_IDENTIFICADOR . TK_OC_SR int_pos
   74 assig_cmd: TK_IDENTIFICADOR . '=' exp
   75          | TK_IDENTIFICADOR . '[' exp ']' '=' exp
   76          | TK_IDENTIFICADOR . '.' TK_IDENTIFICADOR '=' exp
   79 func_call: TK_IDENTIFICADOR . '(' params ')'

    TK_OC_SL  shift, and go to state 125
    TK_OC_SR  shift, and go to state 126
    '['       shift, and go to state 127
    '('       shift, and go to state 128
    '='       shift, and go to state 129
    '.'       shift, and go to state 130

    $default  reduce using rule 25 (type)


State 78

   35 block: '{' commands '}' .

    $default  reduce using rule 35 (block)


State 79

   58 var_dec: type . TK_IDENTIFICADOR init_var

    TK_IDENTIFICADOR  shift, and go to state 131


State 80

   41 command: block .

    $default  reduce using rule 41 (command)


State 81

   37 commands: commands command .

    $default  reduce using rule 37 (commands)


State 82

   38 command: var_dec . ';'

    ';'  shift, and go to state 132


State 83

   39 command: shift_cmd . ';'

    ';'  shift, and go to state 133


State 84

   40 command: assig_cmd . ';'

    ';'  shift, and go to state 134


State 85

   42 command: io_cmd . ';'

    ';'  shift, and go to state 135


State 86

   43 command: func_call . ';'
   89 pipe_exp: func_call . TK_OC_PG func_call
   90         | func_call . TK_OC_PB func_call

    TK_OC_PG  shift, and go to state 136
    TK_OC_PB  shift, and go to state 137
    ';'       shift, and go to state 138


State 87

   44 command: return_cmd . ';'

    ';'  shift, and go to state 139


State 88

   45 command: break_cmd . ';'

    ';'  shift, and go to state 140


State 89

   46 command: continue_cmd . ';'

    ';'  shift, and go to state 141


State 90

   47 command: case_cmd .

    $default  reduce using rule 47 (command)


State 91

   48 command: pipe_exp . ';'
   91 pipe_exp: pipe_exp . TK_OC_PG func_call
   92         | pipe_exp . TK_OC_PB func_call

    TK_OC_PG  shift, and go to state 142
    TK_OC_PB  shift, and go to state 143
    ';'       shift, and go to state 144


State 92

   49 command: if_stm .

    $default  reduce using rule 49 (command)


State 93

   50 command: foreach .

    $default  reduce using rule 50 (command)


State 94

   51 command: while .

    $default  reduce using rule 51 (command)


State 95

   52 command: do_while . ';'

    ';'  shift, and go to state 145


State 96

   53 command: switch .

    $default  reduce using rule 53 (command)


State 97

   54 command: for .

    $default  reduce using rule 54 (command)


State 98

   93 if_stm: TK_PR_IF '(' . exp ')' TK_PR_THEN block
   94       | TK_PR_IF '(' . exp ')' TK_PR_THEN block TK_PR_ELSE block

    TK_LIT_INT        shift, and go to state 101
    TK_LIT_FLOAT      shift, and go to state 102
    TK_LIT_FALSE      shift, and go to state 103
    TK_LIT_TRUE       shift, and go to state 104
    TK_LIT_CHAR       shift, and go to state 105
    TK_LIT_STRING     shift, and go to state 106
    TK_IDENTIFICADOR  shift, and go to state 107
    '-'               shift, and go to state 108
    '!'               shift, and go to state 109
    '('               shift, and go to state 110
    '.'               shift, and go to state 111

    func_call  go to state 112
    pipe_exp   go to state 113
    exp        go to state 146


State 99

   96 while: TK_PR_WHILE '(' . exp ')' TK_PR_DO block

    TK_LIT_INT        shift, and go to state 101
    TK_LIT_FLOAT      shift, and go to state 102
    TK_LIT_FALSE      shift, and go to state 103
    TK_LIT_TRUE       shift, and go to state 104
    TK_LIT_CHAR       shift, and go to state 105
    TK_LIT_STRING     shift, and go to state 106
    TK_IDENTIFICADOR  shift, and go to state 107
    '-'               shift, and go to state 108
    '!'               shift, and go to state 109
    '('               shift, and go to state 110
    '.'               shift, and go to state 111

    func_call  go to state 112
    pipe_exp   go to state 113
    exp        go to state 147


State 100

   97 do_while: TK_PR_DO block . TK_PR_WHILE '(' exp ')'

    TK_PR_WHILE  shift, and go to state 148


State 101

  107 exp: TK_LIT_INT .

    $default  reduce using rule 107 (exp)


State 102

  108 exp: TK_LIT_FLOAT .

    $default  reduce using rule 108 (exp)


State 103

  128 exp: TK_LIT_FALSE .

    $default  reduce using rule 128 (exp)


State 104

  127 exp: TK_LIT_TRUE .

    $default  reduce using rule 127 (exp)


State 105

  125 exp: TK_LIT_CHAR .

    $default  reduce using rule 125 (exp)


State 106

  124 exp: TK_LIT_STRING .

    $default  reduce using rule 124 (exp)


State 107

   79 func_call: TK_IDENTIFICADOR . '(' params ')'
  105 exp: TK_IDENTIFICADOR .
  106    | TK_IDENTIFICADOR . '[' exp ']'

    '['  shift, and go to state 149
    '('  shift, and go to state 128

    $default  reduce using rule 105 (exp)


State 108

  131 exp: '-' . exp

    TK_LIT_INT        shift, and go to state 101
    TK_LIT_FLOAT      shift, and go to state 102
    TK_LIT_FALSE      shift, and go to state 103
    TK_LIT_TRUE       shift, and go to state 104
    TK_LIT_CHAR       shift, and go to state 105
    TK_LIT_STRING     shift, and go to state 106
    TK_IDENTIFICADOR  shift, and go to state 107
    '-'               shift, and go to state 108
    '!'               shift, and go to state 109
    '('               shift, and go to state 110
    '.'               shift, and go to state 111

    func_call  go to state 112
    pipe_exp   go to state 113
    exp        go to state 150


State 109

  129 exp: '!' . exp

    TK_LIT_INT        shift, and go to state 101
    TK_LIT_FLOAT      shift, and go to state 102
    TK_LIT_FALSE      shift, and go to state 103
    TK_LIT_TRUE       shift, and go to state 104
    TK_LIT_CHAR       shift, and go to state 105
    TK_LIT_STRING     shift, and go to state 106
    TK_IDENTIFICADOR  shift, and go to state 107
    '-'               shift, and go to state 108
    '!'               shift, and go to state 109
    '('               shift, and go to state 110
    '.'               shift, and go to state 111

    func_call  go to state 112
    pipe_exp   go to state 113
    exp        go to state 151


State 110

  113 exp: '(' . exp ')'

    TK_LIT_INT        shift, and go to state 101
    TK_LIT_FLOAT      shift, and go to state 102
    TK_LIT_FALSE      shift, and go to state 103
    TK_LIT_TRUE       shift, and go to state 104
    TK_LIT_CHAR       shift, and go to state 105
    TK_LIT_STRING     shift, and go to state 106
    TK_IDENTIFICADOR  shift, and go to state 107
    '-'               shift, and go to state 108
    '!'               shift, and go to state 109
    '('               shift, and go to state 110
    '.'               shift, and go to state 111

    func_call  go to state 112
    pipe_exp   go to state 113
    exp        go to state 152


State 111

  130 exp: '.' .

    $default  reduce using rule 130 (exp)


State 112

   89 pipe_exp: func_call . TK_OC_PG func_call
   90         | func_call . TK_OC_PB func_call
  122 exp: func_call .

    TK_OC_PG  shift, and go to state 136
    TK_OC_PB  shift, and go to state 137

    $default  reduce using rule 122 (exp)


State 113

   91 pipe_exp: pipe_exp . TK_OC_PG func_call
   92         | pipe_exp . TK_OC_PB func_call
  123 exp: pipe_exp .

    TK_OC_PG  shift, and go to state 142
    TK_OC_PB  shift, and go to state 143

    $default  reduce using rule 123 (exp)


State 114

   77 io_cmd: TK_PR_INPUT exp .
  109 exp: exp . '+' exp
  110    | exp . '-' exp
  111    | exp . '*' exp
  112    | exp . '/' exp
  114    | exp . TK_OC_EQ exp
  115    | exp . TK_OC_NE exp
  116    | exp . TK_OC_GE
  117    | exp . TK_OC_LE exp
  118    | exp . '>' exp
  119    | exp . '<' exp
  120    | exp . TK_OC_AND exp
  121    | exp . TK_OC_OR exp
  126    | exp . '%' exp

    TK_OC_LE   shift, and go to state 153
    TK_OC_GE   shift, and go to state 154
    TK_OC_EQ   shift, and go to state 155
    TK_OC_NE   shift, and go to state 156
    TK_OC_AND  shift, and go to state 157
    TK_OC_OR   shift, and go to state 158
    '<'        shift, and go to state 159
    '>'        shift, and go to state 160
    '-'        shift, and go to state 161
    '+'        shift, and go to state 162
    '*'        shift, and go to state 163
    '/'        shift, and go to state 164
    '%'        shift, and go to state 165

    $default  reduce using rule 77 (io_cmd)


State 115

  109 exp: exp . '+' exp
  110    | exp . '-' exp
  111    | exp . '*' exp
  112    | exp . '/' exp
  114    | exp . TK_OC_EQ exp
  115    | exp . TK_OC_NE exp
  116    | exp . TK_OC_GE
  117    | exp . TK_OC_LE exp
  118    | exp . '>' exp
  119    | exp . '<' exp
  120    | exp . TK_OC_AND exp
  121    | exp . TK_OC_OR exp
  126    | exp . '%' exp
  132 exps_list: exp .

    TK_OC_LE   shift, and go to state 153
    TK_OC_GE   shift, and go to state 154
    TK_OC_EQ   shift, and go to state 155
    TK_OC_NE   shift, and go to state 156
    TK_OC_AND  shift, and go to state 157
    TK_OC_OR   shift, and go to state 158
    '<'        shift, and go to state 159
    '>'        shift, and go to state 160
    '-'        shift, and go to state 161
    '+'        shift, and go to state 162
    '*'        shift, and go to state 163
    '/'        shift, and go to state 164
    '%'        shift, and go to state 165

    $default  reduce using rule 132 (exps_list)


State 116

   78 io_cmd: TK_PR_OUTPUT exps_list .
  133 exps_list: exps_list . ',' exp

    ','  shift, and go to state 166

    $default  reduce using rule 78 (io_cmd)


State 117

   85 return_cmd: TK_PR_RETURN exp .
  109 exp: exp . '+' exp
  110    | exp . '-' exp
  111    | exp . '*' exp
  112    | exp . '/' exp
  114    | exp . TK_OC_EQ exp
  115    | exp . TK_OC_NE exp
  116    | exp . TK_OC_GE
  117    | exp . TK_OC_LE exp
  118    | exp . '>' exp
  119    | exp . '<' exp
  120    | exp . TK_OC_AND exp
  121    | exp . TK_OC_OR exp
  126    | exp . '%' exp

    TK_OC_LE   shift, and go to state 153
    TK_OC_GE   shift, and go to state 154
    TK_OC_EQ   shift, and go to state 155
    TK_OC_NE   shift, and go to state 156
    TK_OC_AND  shift, and go to state 157
    TK_OC_OR   shift, and go to state 158
    '<'        shift, and go to state 159
    '>'        shift, and go to state 160
    '-'        shift, and go to state 161
    '+'        shift, and go to state 162
    '*'        shift, and go to state 163
    '/'        shift, and go to state 164
    '%'        shift, and go to state 165

    $default  reduce using rule 85 (return_cmd)


State 118

   57 var_dec: TK_PR_CONST type . TK_IDENTIFICADOR init_var

    TK_IDENTIFICADOR  shift, and go to state 167


State 119

   55 var_dec: TK_PR_STATIC TK_PR_CONST . type TK_IDENTIFICADOR init_var

    TK_PR_INT         shift, and go to state 3
    TK_PR_FLOAT       shift, and go to state 4
    TK_PR_BOOL        shift, and go to state 5
    TK_PR_CHAR        shift, and go to state 6
    TK_PR_STRING      shift, and go to state 7
    TK_IDENTIFICADOR  shift, and go to state 10

    native_type  go to state 13
    type         go to state 168


State 120

   56 var_dec: TK_PR_STATIC type . TK_IDENTIFICADOR init_var

    TK_IDENTIFICADOR  shift, and go to state 169


State 121

   95 foreach: TK_PR_FOREACH '(' . TK_IDENTIFICADOR ':' exps_list ')' block

    TK_IDENTIFICADOR  shift, and go to state 170


State 122

   99 for: TK_PR_FOR '(' . cmd_list ':' exp ':' cmd_list ')' block

    TK_PR_INT         shift, and go to state 3
    TK_PR_FLOAT       shift, and go to state 4
    TK_PR_BOOL        shift, and go to state 5
    TK_PR_CHAR        shift, and go to state 6
    TK_PR_STRING      shift, and go to state 7
    TK_PR_CONST       shift, and go to state 69
    TK_PR_STATIC      shift, and go to state 70
    TK_IDENTIFICADOR  shift, and go to state 171

    native_type  go to state 13
    type         go to state 79
    var_dec      go to state 172
    shift_cmd    go to state 173
    assig_cmd    go to state 174
    cmd_list     go to state 175
    cmd          go to state 176


State 123

   98 switch: TK_PR_SWITCH '(' . exp ')' block

    TK_LIT_INT        shift, and go to state 101
    TK_LIT_FLOAT      shift, and go to state 102
    TK_LIT_FALSE      shift, and go to state 103
    TK_LIT_TRUE       shift, and go to state 104
    TK_LIT_CHAR       shift, and go to state 105
    TK_LIT_STRING     shift, and go to state 106
    TK_IDENTIFICADOR  shift, and go to state 107
    '-'               shift, and go to state 108
    '!'               shift, and go to state 109
    '('               shift, and go to state 110
    '.'               shift, and go to state 111

    func_call  go to state 112
    pipe_exp   go to state 113
    exp        go to state 177


State 124

   88 case_cmd: TK_PR_CASE TK_LIT_INT . ':'

    ':'  shift, and go to state 178


State 125

   72 shift_cmd: TK_IDENTIFICADOR TK_OC_SL . int_pos

    TK_LIT_INT  shift, and go to state 36

    int_pos  go to state 179


State 126

   73 shift_cmd: TK_IDENTIFICADOR TK_OC_SR . int_pos

    TK_LIT_INT  shift, and go to state 36

    int_pos  go to state 180


State 127

   75 assig_cmd: TK_IDENTIFICADOR '[' . exp ']' '=' exp

    TK_LIT_INT        shift, and go to state 101
    TK_LIT_FLOAT      shift, and go to state 102
    TK_LIT_FALSE      shift, and go to state 103
    TK_LIT_TRUE       shift, and go to state 104
    TK_LIT_CHAR       shift, and go to state 105
    TK_LIT_STRING     shift, and go to state 106
    TK_IDENTIFICADOR  shift, and go to state 107
    '-'               shift, and go to state 108
    '!'               shift, and go to state 109
    '('               shift, and go to state 110
    '.'               shift, and go to state 111

    func_call  go to state 112
    pipe_exp   go to state 113
    exp        go to state 181


State 128

   79 func_call: TK_IDENTIFICADOR '(' . params ')'

    TK_LIT_INT        shift, and go to state 101
    TK_LIT_FLOAT      shift, and go to state 102
    TK_LIT_FALSE      shift, and go to state 103
    TK_LIT_TRUE       shift, and go to state 104
    TK_LIT_CHAR       shift, and go to state 105
    TK_LIT_STRING     shift, and go to state 106
    TK_IDENTIFICADOR  shift, and go to state 107
    '-'               shift, and go to state 108
    '!'               shift, and go to state 109
    '('               shift, and go to state 110
    '.'               shift, and go to state 111

    $default  reduce using rule 80 (params)

    func_call    go to state 112
    params       go to state 182
    params_list  go to state 183
    param        go to state 184
    pipe_exp     go to state 113
    exp          go to state 185


State 129

   74 assig_cmd: TK_IDENTIFICADOR '=' . exp

    TK_LIT_INT        shift, and go to state 101
    TK_LIT_FLOAT      shift, and go to state 102
    TK_LIT_FALSE      shift, and go to state 103
    TK_LIT_TRUE       shift, and go to state 104
    TK_LIT_CHAR       shift, and go to state 105
    TK_LIT_STRING     shift, and go to state 106
    TK_IDENTIFICADOR  shift, and go to state 107
    '-'               shift, and go to state 108
    '!'               shift, and go to state 109
    '('               shift, and go to state 110
    '.'               shift, and go to state 111

    func_call  go to state 112
    pipe_exp   go to state 113
    exp        go to state 186


State 130

   76 assig_cmd: TK_IDENTIFICADOR '.' . TK_IDENTIFICADOR '=' exp

    TK_IDENTIFICADOR  shift, and go to state 187


State 131

   58 var_dec: type TK_IDENTIFICADOR . init_var

    TK_OC_LE  shift, and go to state 188

    $default  reduce using rule 59 (init_var)

    init_var  go to state 189


State 132

   38 command: var_dec ';' .

    $default  reduce using rule 38 (command)


State 133

   39 command: shift_cmd ';' .

    $default  reduce using rule 39 (command)


State 134

   40 command: assig_cmd ';' .

    $default  reduce using rule 40 (command)


State 135

   42 command: io_cmd ';' .

    $default  reduce using rule 42 (command)


State 136

   89 pipe_exp: func_call TK_OC_PG . func_call

    TK_IDENTIFICADOR  shift, and go to state 190

    func_call  go to state 191


State 137

   90 pipe_exp: func_call TK_OC_PB . func_call

    TK_IDENTIFICADOR  shift, and go to state 190

    func_call  go to state 192


State 138

   43 command: func_call ';' .

    $default  reduce using rule 43 (command)


State 139

   44 command: return_cmd ';' .

    $default  reduce using rule 44 (command)


State 140

   45 command: break_cmd ';' .

    $default  reduce using rule 45 (command)


State 141

   46 command: continue_cmd ';' .

    $default  reduce using rule 46 (command)


State 142

   91 pipe_exp: pipe_exp TK_OC_PG . func_call

    TK_IDENTIFICADOR  shift, and go to state 190

    func_call  go to state 193


State 143

   92 pipe_exp: pipe_exp TK_OC_PB . func_call

    TK_IDENTIFICADOR  shift, and go to state 190

    func_call  go to state 194


State 144

   48 command: pipe_exp ';' .

    $default  reduce using rule 48 (command)


State 145

   52 command: do_while ';' .

    $default  reduce using rule 52 (command)


State 146

   93 if_stm: TK_PR_IF '(' exp . ')' TK_PR_THEN block
   94       | TK_PR_IF '(' exp . ')' TK_PR_THEN block TK_PR_ELSE block
  109 exp: exp . '+' exp
  110    | exp . '-' exp
  111    | exp . '*' exp
  112    | exp . '/' exp
  114    | exp . TK_OC_EQ exp
  115    | exp . TK_OC_NE exp
  116    | exp . TK_OC_GE
  117    | exp . TK_OC_LE exp
  118    | exp . '>' exp
  119    | exp . '<' exp
  120    | exp . TK_OC_AND exp
  121    | exp . TK_OC_OR exp
  126    | exp . '%' exp

    TK_OC_LE   shift, and go to state 153
    TK_OC_GE   shift, and go to state 154
    TK_OC_EQ   shift, and go to state 155
    TK_OC_NE   shift, and go to state 156
    TK_OC_AND  shift, and go to state 157
    TK_OC_OR   shift, and go to state 158
    '<'        shift, and go to state 159
    '>'        shift, and go to state 160
    '-'        shift, and go to state 161
    '+'        shift, and go to state 162
    '*'        shift, and go to state 163
    '/'        shift, and go to state 164
    '%'        shift, and go to state 165
    ')'        shift, and go to state 195


State 147

   96 while: TK_PR_WHILE '(' exp . ')' TK_PR_DO block
  109 exp: exp . '+' exp
  110    | exp . '-' exp
  111    | exp . '*' exp
  112    | exp . '/' exp
  114    | exp . TK_OC_EQ exp
  115    | exp . TK_OC_NE exp
  116    | exp . TK_OC_GE
  117    | exp . TK_OC_LE exp
  118    | exp . '>' exp
  119    | exp . '<' exp
  120    | exp . TK_OC_AND exp
  121    | exp . TK_OC_OR exp
  126    | exp . '%' exp

    TK_OC_LE   shift, and go to state 153
    TK_OC_GE   shift, and go to state 154
    TK_OC_EQ   shift, and go to state 155
    TK_OC_NE   shift, and go to state 156
    TK_OC_AND  shift, and go to state 157
    TK_OC_OR   shift, and go to state 158
    '<'        shift, and go to state 159
    '>'        shift, and go to state 160
    '-'        shift, and go to state 161
    '+'        shift, and go to state 162
    '*'        shift, and go to state 163
    '/'        shift, and go to state 164
    '%'        shift, and go to state 165
    ')'        shift, and go to state 196


State 148

   97 do_while: TK_PR_DO block TK_PR_WHILE . '(' exp ')'

    '('  shift, and go to state 197


State 149

  106 exp: TK_IDENTIFICADOR '[' . exp ']'

    TK_LIT_INT        shift, and go to state 101
    TK_LIT_FLOAT      shift, and go to state 102
    TK_LIT_FALSE      shift, and go to state 103
    TK_LIT_TRUE       shift, and go to state 104
    TK_LIT_CHAR       shift, and go to state 105
    TK_LIT_STRING     shift, and go to state 106
    TK_IDENTIFICADOR  shift, and go to state 107
    '-'               shift, and go to state 108
    '!'               shift, and go to state 109
    '('               shift, and go to state 110
    '.'               shift, and go to state 111

    func_call  go to state 112
    pipe_exp   go to state 113
    exp        go to state 198


State 150

  109 exp: exp . '+' exp
  110    | exp . '-' exp
  111    | exp . '*' exp
  112    | exp . '/' exp
  114    | exp . TK_OC_EQ exp
  115    | exp . TK_OC_NE exp
  116    | exp . TK_OC_GE
  117    | exp . TK_OC_LE exp
  118    | exp . '>' exp
  119    | exp . '<' exp
  120    | exp . TK_OC_AND exp
  121    | exp . TK_OC_OR exp
  126    | exp . '%' exp
  131    | '-' exp .

    '*'  shift, and go to state 163
    '/'  shift, and go to state 164
    '%'  shift, and go to state 165

    $default  reduce using rule 131 (exp)


State 151

  109 exp: exp . '+' exp
  110    | exp . '-' exp
  111    | exp . '*' exp
  112    | exp . '/' exp
  114    | exp . TK_OC_EQ exp
  115    | exp . TK_OC_NE exp
  116    | exp . TK_OC_GE
  117    | exp . TK_OC_LE exp
  118    | exp . '>' exp
  119    | exp . '<' exp
  120    | exp . TK_OC_AND exp
  121    | exp . TK_OC_OR exp
  126    | exp . '%' exp
  129    | '!' exp .

    $default  reduce using rule 129 (exp)


State 152

  109 exp: exp . '+' exp
  110    | exp . '-' exp
  111    | exp . '*' exp
  112    | exp . '/' exp
  113    | '(' exp . ')'
  114    | exp . TK_OC_EQ exp
  115    | exp . TK_OC_NE exp
  116    | exp . TK_OC_GE
  117    | exp . TK_OC_LE exp
  118    | exp . '>' exp
  119    | exp . '<' exp
  120    | exp . TK_OC_AND exp
  121    | exp . TK_OC_OR exp
  126    | exp . '%' exp

    TK_OC_LE   shift, and go to state 153
    TK_OC_GE   shift, and go to state 154
    TK_OC_EQ   shift, and go to state 155
    TK_OC_NE   shift, and go to state 156
    TK_OC_AND  shift, and go to state 157
    TK_OC_OR   shift, and go to state 158
    '<'        shift, and go to state 159
    '>'        shift, and go to state 160
    '-'        shift, and go to state 161
    '+'        shift, and go to state 162
    '*'        shift, and go to state 163
    '/'        shift, and go to state 164
    '%'        shift, and go to state 165
    ')'        shift, and go to state 199


State 153

  117 exp: exp TK_OC_LE . exp

    TK_LIT_INT        shift, and go to state 101
    TK_LIT_FLOAT      shift, and go to state 102
    TK_LIT_FALSE      shift, and go to state 103
    TK_LIT_TRUE       shift, and go to state 104
    TK_LIT_CHAR       shift, and go to state 105
    TK_LIT_STRING     shift, and go to state 106
    TK_IDENTIFICADOR  shift, and go to state 107
    '-'               shift, and go to state 108
    '!'               shift, and go to state 109
    '('               shift, and go to state 110
    '.'               shift, and go to state 111

    func_call  go to state 112
    pipe_exp   go to state 113
    exp        go to state 200


State 154

  116 exp: exp TK_OC_GE .

    $default  reduce using rule 116 (exp)


State 155

  114 exp: exp TK_OC_EQ . exp

    TK_LIT_INT        shift, and go to state 101
    TK_LIT_FLOAT      shift, and go to state 102
    TK_LIT_FALSE      shift, and go to state 103
    TK_LIT_TRUE       shift, and go to state 104
    TK_LIT_CHAR       shift, and go to state 105
    TK_LIT_STRING     shift, and go to state 106
    TK_IDENTIFICADOR  shift, and go to state 107
    '-'               shift, and go to state 108
    '!'               shift, and go to state 109
    '('               shift, and go to state 110
    '.'               shift, and go to state 111

    func_call  go to state 112
    pipe_exp   go to state 113
    exp        go to state 201


State 156

  115 exp: exp TK_OC_NE . exp

    TK_LIT_INT        shift, and go to state 101
    TK_LIT_FLOAT      shift, and go to state 102
    TK_LIT_FALSE      shift, and go to state 103
    TK_LIT_TRUE       shift, and go to state 104
    TK_LIT_CHAR       shift, and go to state 105
    TK_LIT_STRING     shift, and go to state 106
    TK_IDENTIFICADOR  shift, and go to state 107
    '-'               shift, and go to state 108
    '!'               shift, and go to state 109
    '('               shift, and go to state 110
    '.'               shift, and go to state 111

    func_call  go to state 112
    pipe_exp   go to state 113
    exp        go to state 202


State 157

  120 exp: exp TK_OC_AND . exp

    TK_LIT_INT        shift, and go to state 101
    TK_LIT_FLOAT      shift, and go to state 102
    TK_LIT_FALSE      shift, and go to state 103
    TK_LIT_TRUE       shift, and go to state 104
    TK_LIT_CHAR       shift, and go to state 105
    TK_LIT_STRING     shift, and go to state 106
    TK_IDENTIFICADOR  shift, and go to state 107
    '-'               shift, and go to state 108
    '!'               shift, and go to state 109
    '('               shift, and go to state 110
    '.'               shift, and go to state 111

    func_call  go to state 112
    pipe_exp   go to state 113
    exp        go to state 203


State 158

  121 exp: exp TK_OC_OR . exp

    TK_LIT_INT        shift, and go to state 101
    TK_LIT_FLOAT      shift, and go to state 102
    TK_LIT_FALSE      shift, and go to state 103
    TK_LIT_TRUE       shift, and go to state 104
    TK_LIT_CHAR       shift, and go to state 105
    TK_LIT_STRING     shift, and go to state 106
    TK_IDENTIFICADOR  shift, and go to state 107
    '-'               shift, and go to state 108
    '!'               shift, and go to state 109
    '('               shift, and go to state 110
    '.'               shift, and go to state 111

    func_call  go to state 112
    pipe_exp   go to state 113
    exp        go to state 204


State 159

  119 exp: exp '<' . exp

    TK_LIT_INT        shift, and go to state 101
    TK_LIT_FLOAT      shift, and go to state 102
    TK_LIT_FALSE      shift, and go to state 103
    TK_LIT_TRUE       shift, and go to state 104
    TK_LIT_CHAR       shift, and go to state 105
    TK_LIT_STRING     shift, and go to state 106
    TK_IDENTIFICADOR  shift, and go to state 107
    '-'               shift, and go to state 108
    '!'               shift, and go to state 109
    '('               shift, and go to state 110
    '.'               shift, and go to state 111

    func_call  go to state 112
    pipe_exp   go to state 113
    exp        go to state 205


State 160

  118 exp: exp '>' . exp

    TK_LIT_INT        shift, and go to state 101
    TK_LIT_FLOAT      shift, and go to state 102
    TK_LIT_FALSE      shift, and go to state 103
    TK_LIT_TRUE       shift, and go to state 104
    TK_LIT_CHAR       shift, and go to state 105
    TK_LIT_STRING     shift, and go to state 106
    TK_IDENTIFICADOR  shift, and go to state 107
    '-'               shift, and go to state 108
    '!'               shift, and go to state 109
    '('               shift, and go to state 110
    '.'               shift, and go to state 111

    func_call  go to state 112
    pipe_exp   go to state 113
    exp        go to state 206


State 161

  110 exp: exp '-' . exp

    TK_LIT_INT        shift, and go to state 101
    TK_LIT_FLOAT      shift, and go to state 102
    TK_LIT_FALSE      shift, and go to state 103
    TK_LIT_TRUE       shift, and go to state 104
    TK_LIT_CHAR       shift, and go to state 105
    TK_LIT_STRING     shift, and go to state 106
    TK_IDENTIFICADOR  shift, and go to state 107
    '-'               shift, and go to state 108
    '!'               shift, and go to state 109
    '('               shift, and go to state 110
    '.'               shift, and go to state 111

    func_call  go to state 112
    pipe_exp   go to state 113
    exp        go to state 207


State 162

  109 exp: exp '+' . exp

    TK_LIT_INT        shift, and go to state 101
    TK_LIT_FLOAT      shift, and go to state 102
    TK_LIT_FALSE      shift, and go to state 103
    TK_LIT_TRUE       shift, and go to state 104
    TK_LIT_CHAR       shift, and go to state 105
    TK_LIT_STRING     shift, and go to state 106
    TK_IDENTIFICADOR  shift, and go to state 107
    '-'               shift, and go to state 108
    '!'               shift, and go to state 109
    '('               shift, and go to state 110
    '.'               shift, and go to state 111

    func_call  go to state 112
    pipe_exp   go to state 113
    exp        go to state 208


State 163

  111 exp: exp '*' . exp

    TK_LIT_INT        shift, and go to state 101
    TK_LIT_FLOAT      shift, and go to state 102
    TK_LIT_FALSE      shift, and go to state 103
    TK_LIT_TRUE       shift, and go to state 104
    TK_LIT_CHAR       shift, and go to state 105
    TK_LIT_STRING     shift, and go to state 106
    TK_IDENTIFICADOR  shift, and go to state 107
    '-'               shift, and go to state 108
    '!'               shift, and go to state 109
    '('               shift, and go to state 110
    '.'               shift, and go to state 111

    func_call  go to state 112
    pipe_exp   go to state 113
    exp        go to state 209


State 164

  112 exp: exp '/' . exp

    TK_LIT_INT        shift, and go to state 101
    TK_LIT_FLOAT      shift, and go to state 102
    TK_LIT_FALSE      shift, and go to state 103
    TK_LIT_TRUE       shift, and go to state 104
    TK_LIT_CHAR       shift, and go to state 105
    TK_LIT_STRING     shift, and go to state 106
    TK_IDENTIFICADOR  shift, and go to state 107
    '-'               shift, and go to state 108
    '!'               shift, and go to state 109
    '('               shift, and go to state 110
    '.'               shift, and go to state 111

    func_call  go to state 112
    pipe_exp   go to state 113
    exp        go to state 210


State 165

  126 exp: exp '%' . exp

    TK_LIT_INT        shift, and go to state 101
    TK_LIT_FLOAT      shift, and go to state 102
    TK_LIT_FALSE      shift, and go to state 103
    TK_LIT_TRUE       shift, and go to state 104
    TK_LIT_CHAR       shift, and go to state 105
    TK_LIT_STRING     shift, and go to state 106
    TK_IDENTIFICADOR  shift, and go to state 107
    '-'               shift, and go to state 108
    '!'               shift, and go to state 109
    '('               shift, and go to state 110
    '.'               shift, and go to state 111

    func_call  go to state 112
    pipe_exp   go to state 113
    exp        go to state 211


State 166

  133 exps_list: exps_list ',' . exp

    TK_LIT_INT        shift, and go to state 101
    TK_LIT_FLOAT      shift, and go to state 102
    TK_LIT_FALSE      shift, and go to state 103
    TK_LIT_TRUE       shift, and go to state 104
    TK_LIT_CHAR       shift, and go to state 105
    TK_LIT_STRING     shift, and go to state 106
    TK_IDENTIFICADOR  shift, and go to state 107
    '-'               shift, and go to state 108
    '!'               shift, and go to state 109
    '('               shift, and go to state 110
    '.'               shift, and go to state 111

    func_call  go to state 112
    pipe_exp   go to state 113
    exp        go to state 212


State 167

   57 var_dec: TK_PR_CONST type TK_IDENTIFICADOR . init_var

    TK_OC_LE  shift, and go to state 188

    $default  reduce using rule 59 (init_var)

    init_var  go to state 213


State 168

   55 var_dec: TK_PR_STATIC TK_PR_CONST type . TK_IDENTIFICADOR init_var

    TK_IDENTIFICADOR  shift, and go to state 214


State 169

   56 var_dec: TK_PR_STATIC type TK_IDENTIFICADOR . init_var

    TK_OC_LE  shift, and go to state 188

    $default  reduce using rule 59 (init_var)

    init_var  go to state 215


State 170

   95 foreach: TK_PR_FOREACH '(' TK_IDENTIFICADOR . ':' exps_list ')' block

    ':'  shift, and go to state 216


State 171

   25 type: TK_IDENTIFICADOR .
   72 shift_cmd: TK_IDENTIFICADOR . TK_OC_SL int_pos
   73          | TK_IDENTIFICADOR . TK_OC_SR int_pos
   74 assig_cmd: TK_IDENTIFICADOR . '=' exp
   75          | TK_IDENTIFICADOR . '[' exp ']' '=' exp
   76          | TK_IDENTIFICADOR . '.' TK_IDENTIFICADOR '=' exp

    TK_OC_SL  shift, and go to state 125
    TK_OC_SR  shift, and go to state 126
    '['       shift, and go to state 127
    '='       shift, and go to state 129
    '.'       shift, and go to state 130

    $default  reduce using rule 25 (type)


State 172

  102 cmd: var_dec .

    $default  reduce using rule 102 (cmd)


State 173

  103 cmd: shift_cmd .

    $default  reduce using rule 103 (cmd)


State 174

  104 cmd: assig_cmd .

    $default  reduce using rule 104 (cmd)


State 175

   99 for: TK_PR_FOR '(' cmd_list . ':' exp ':' cmd_list ')' block
  101 cmd_list: cmd_list . ',' cmd

    ':'  shift, and go to state 217
    ','  shift, and go to state 218


State 176

  100 cmd_list: cmd .

    $default  reduce using rule 100 (cmd_list)


State 177

   98 switch: TK_PR_SWITCH '(' exp . ')' block
  109 exp: exp . '+' exp
  110    | exp . '-' exp
  111    | exp . '*' exp
  112    | exp . '/' exp
  114    | exp . TK_OC_EQ exp
  115    | exp . TK_OC_NE exp
  116    | exp . TK_OC_GE
  117    | exp . TK_OC_LE exp
  118    | exp . '>' exp
  119    | exp . '<' exp
  120    | exp . TK_OC_AND exp
  121    | exp . TK_OC_OR exp
  126    | exp . '%' exp

    TK_OC_LE   shift, and go to state 153
    TK_OC_GE   shift, and go to state 154
    TK_OC_EQ   shift, and go to state 155
    TK_OC_NE   shift, and go to state 156
    TK_OC_AND  shift, and go to state 157
    TK_OC_OR   shift, and go to state 158
    '<'        shift, and go to state 159
    '>'        shift, and go to state 160
    '-'        shift, and go to state 161
    '+'        shift, and go to state 162
    '*'        shift, and go to state 163
    '/'        shift, and go to state 164
    '%'        shift, and go to state 165
    ')'        shift, and go to state 219


State 178

   88 case_cmd: TK_PR_CASE TK_LIT_INT ':' .

    $default  reduce using rule 88 (case_cmd)


State 179

   72 shift_cmd: TK_IDENTIFICADOR TK_OC_SL int_pos .

    $default  reduce using rule 72 (shift_cmd)


State 180

   73 shift_cmd: TK_IDENTIFICADOR TK_OC_SR int_pos .

    $default  reduce using rule 73 (shift_cmd)


State 181

   75 assig_cmd: TK_IDENTIFICADOR '[' exp . ']' '=' exp
  109 exp: exp . '+' exp
  110    | exp . '-' exp
  111    | exp . '*' exp
  112    | exp . '/' exp
  114    | exp . TK_OC_EQ exp
  115    | exp . TK_OC_NE exp
  116    | exp . TK_OC_GE
  117    | exp . TK_OC_LE exp
  118    | exp . '>' exp
  119    | exp . '<' exp
  120    | exp . TK_OC_AND exp
  121    | exp . TK_OC_OR exp
  126    | exp . '%' exp

    TK_OC_LE   shift, and go to state 153
    TK_OC_GE   shift, and go to state 154
    TK_OC_EQ   shift, and go to state 155
    TK_OC_NE   shift, and go to state 156
    TK_OC_AND  shift, and go to state 157
    TK_OC_OR   shift, and go to state 158
    '<'        shift, and go to state 159
    '>'        shift, and go to state 160
    '-'        shift, and go to state 161
    '+'        shift, and go to state 162
    '*'        shift, and go to state 163
    '/'        shift, and go to state 164
    '%'        shift, and go to state 165
    ']'        shift, and go to state 220


State 182

   79 func_call: TK_IDENTIFICADOR '(' params . ')'

    ')'  shift, and go to state 221


State 183

   81 params: params_list .
   83 params_list: params_list . ',' param

    ','  shift, and go to state 222

    $default  reduce using rule 81 (params)


State 184

   82 params_list: param .

    $default  reduce using rule 82 (params_list)


State 185

   84 param: exp .
  109 exp: exp . '+' exp
  110    | exp . '-' exp
  111    | exp . '*' exp
  112    | exp . '/' exp
  114    | exp . TK_OC_EQ exp
  115    | exp . TK_OC_NE exp
  116    | exp . TK_OC_GE
  117    | exp . TK_OC_LE exp
  118    | exp . '>' exp
  119    | exp . '<' exp
  120    | exp . TK_OC_AND exp
  121    | exp . TK_OC_OR exp
  126    | exp . '%' exp

    TK_OC_LE   shift, and go to state 153
    TK_OC_GE   shift, and go to state 154
    TK_OC_EQ   shift, and go to state 155
    TK_OC_NE   shift, and go to state 156
    TK_OC_AND  shift, and go to state 157
    TK_OC_OR   shift, and go to state 158
    '<'        shift, and go to state 159
    '>'        shift, and go to state 160
    '-'        shift, and go to state 161
    '+'        shift, and go to state 162
    '*'        shift, and go to state 163
    '/'        shift, and go to state 164
    '%'        shift, and go to state 165

    $default  reduce using rule 84 (param)


State 186

   74 assig_cmd: TK_IDENTIFICADOR '=' exp .
  109 exp: exp . '+' exp
  110    | exp . '-' exp
  111    | exp . '*' exp
  112    | exp . '/' exp
  114    | exp . TK_OC_EQ exp
  115    | exp . TK_OC_NE exp
  116    | exp . TK_OC_GE
  117    | exp . TK_OC_LE exp
  118    | exp . '>' exp
  119    | exp . '<' exp
  120    | exp . TK_OC_AND exp
  121    | exp . TK_OC_OR exp
  126    | exp . '%' exp

    TK_OC_LE   shift, and go to state 153
    TK_OC_GE   shift, and go to state 154
    TK_OC_EQ   shift, and go to state 155
    TK_OC_NE   shift, and go to state 156
    TK_OC_AND  shift, and go to state 157
    TK_OC_OR   shift, and go to state 158
    '<'        shift, and go to state 159
    '>'        shift, and go to state 160
    '-'        shift, and go to state 161
    '+'        shift, and go to state 162
    '*'        shift, and go to state 163
    '/'        shift, and go to state 164
    '%'        shift, and go to state 165

    $default  reduce using rule 74 (assig_cmd)


State 187

   76 assig_cmd: TK_IDENTIFICADOR '.' TK_IDENTIFICADOR . '=' exp

    '='  shift, and go to state 223


State 188

   60 init_var: TK_OC_LE . literal
   61         | TK_OC_LE . TK_IDENTIFICADOR

    TK_LIT_INT        shift, and go to state 224
    TK_LIT_FLOAT      shift, and go to state 225
    TK_LIT_FALSE      shift, and go to state 226
    TK_LIT_TRUE       shift, and go to state 227
    TK_LIT_CHAR       shift, and go to state 228
    TK_LIT_STRING     shift, and go to state 229
    TK_IDENTIFICADOR  shift, and go to state 230
    '-'               shift, and go to state 231
    '+'               shift, and go to state 232

    literal  go to state 233


State 189

   58 var_dec: type TK_IDENTIFICADOR init_var .

    $default  reduce using rule 58 (var_dec)


State 190

   79 func_call: TK_IDENTIFICADOR . '(' params ')'

    '('  shift, and go to state 128


State 191

   89 pipe_exp: func_call TK_OC_PG func_call .

    $default  reduce using rule 89 (pipe_exp)


State 192

   90 pipe_exp: func_call TK_OC_PB func_call .

    $default  reduce using rule 90 (pipe_exp)


State 193

   91 pipe_exp: pipe_exp TK_OC_PG func_call .

    $default  reduce using rule 91 (pipe_exp)


State 194

   92 pipe_exp: pipe_exp TK_OC_PB func_call .

    $default  reduce using rule 92 (pipe_exp)


State 195

   93 if_stm: TK_PR_IF '(' exp ')' . TK_PR_THEN block
   94       | TK_PR_IF '(' exp ')' . TK_PR_THEN block TK_PR_ELSE block

    TK_PR_THEN  shift, and go to state 234


State 196

   96 while: TK_PR_WHILE '(' exp ')' . TK_PR_DO block

    TK_PR_DO  shift, and go to state 235


State 197

   97 do_while: TK_PR_DO block TK_PR_WHILE '(' . exp ')'

    TK_LIT_INT        shift, and go to state 101
    TK_LIT_FLOAT      shift, and go to state 102
    TK_LIT_FALSE      shift, and go to state 103
    TK_LIT_TRUE       shift, and go to state 104
    TK_LIT_CHAR       shift, and go to state 105
    TK_LIT_STRING     shift, and go to state 106
    TK_IDENTIFICADOR  shift, and go to state 107
    '-'               shift, and go to state 108
    '!'               shift, and go to state 109
    '('               shift, and go to state 110
    '.'               shift, and go to state 111

    func_call  go to state 112
    pipe_exp   go to state 113
    exp        go to state 236


State 198

  106 exp: TK_IDENTIFICADOR '[' exp . ']'
  109    | exp . '+' exp
  110    | exp . '-' exp
  111    | exp . '*' exp
  112    | exp . '/' exp
  114    | exp . TK_OC_EQ exp
  115    | exp . TK_OC_NE exp
  116    | exp . TK_OC_GE
  117    | exp . TK_OC_LE exp
  118    | exp . '>' exp
  119    | exp . '<' exp
  120    | exp . TK_OC_AND exp
  121    | exp . TK_OC_OR exp
  126    | exp . '%' exp

    TK_OC_LE   shift, and go to state 153
    TK_OC_GE   shift, and go to state 154
    TK_OC_EQ   shift, and go to state 155
    TK_OC_NE   shift, and go to state 156
    TK_OC_AND  shift, and go to state 157
    TK_OC_OR   shift, and go to state 158
    '<'        shift, and go to state 159
    '>'        shift, and go to state 160
    '-'        shift, and go to state 161
    '+'        shift, and go to state 162
    '*'        shift, and go to state 163
    '/'        shift, and go to state 164
    '%'        shift, and go to state 165
    ']'        shift, and go to state 237


State 199

  113 exp: '(' exp ')' .

    $default  reduce using rule 113 (exp)


State 200

  109 exp: exp . '+' exp
  110    | exp . '-' exp
  111    | exp . '*' exp
  112    | exp . '/' exp
  114    | exp . TK_OC_EQ exp
  115    | exp . TK_OC_NE exp
  116    | exp . TK_OC_GE
  117    | exp . TK_OC_LE exp
  117    | exp TK_OC_LE exp .
  118    | exp . '>' exp
  119    | exp . '<' exp
  120    | exp . TK_OC_AND exp
  121    | exp . TK_OC_OR exp
  126    | exp . '%' exp

    '-'  shift, and go to state 161
    '+'  shift, and go to state 162
    '*'  shift, and go to state 163
    '/'  shift, and go to state 164
    '%'  shift, and go to state 165

    $default  reduce using rule 117 (exp)


State 201

  109 exp: exp . '+' exp
  110    | exp . '-' exp
  111    | exp . '*' exp
  112    | exp . '/' exp
  114    | exp . TK_OC_EQ exp
  114    | exp TK_OC_EQ exp .
  115    | exp . TK_OC_NE exp
  116    | exp . TK_OC_GE
  117    | exp . TK_OC_LE exp
  118    | exp . '>' exp
  119    | exp . '<' exp
  120    | exp . TK_OC_AND exp
  121    | exp . TK_OC_OR exp
  126    | exp . '%' exp

    TK_OC_LE  shift, and go to state 153
    TK_OC_GE  shift, and go to state 154
    '<'       shift, and go to state 159
    '>'       shift, and go to state 160
    '-'       shift, and go to state 161
    '+'       shift, and go to state 162
    '*'       shift, and go to state 163
    '/'       shift, and go to state 164
    '%'       shift, and go to state 165

    $default  reduce using rule 114 (exp)


State 202

  109 exp: exp . '+' exp
  110    | exp . '-' exp
  111    | exp . '*' exp
  112    | exp . '/' exp
  114    | exp . TK_OC_EQ exp
  115    | exp . TK_OC_NE exp
  115    | exp TK_OC_NE exp .
  116    | exp . TK_OC_GE
  117    | exp . TK_OC_LE exp
  118    | exp . '>' exp
  119    | exp . '<' exp
  120    | exp . TK_OC_AND exp
  121    | exp . TK_OC_OR exp
  126    | exp . '%' exp

    TK_OC_LE  shift, and go to state 153
    TK_OC_GE  shift, and go to state 154
    '<'       shift, and go to state 159
    '>'       shift, and go to state 160
    '-'       shift, and go to state 161
    '+'       shift, and go to state 162
    '*'       shift, and go to state 163
    '/'       shift, and go to state 164
    '%'       shift, and go to state 165

    $default  reduce using rule 115 (exp)


State 203

  109 exp: exp . '+' exp
  110    | exp . '-' exp
  111    | exp . '*' exp
  112    | exp . '/' exp
  114    | exp . TK_OC_EQ exp
  115    | exp . TK_OC_NE exp
  116    | exp . TK_OC_GE
  117    | exp . TK_OC_LE exp
  118    | exp . '>' exp
  119    | exp . '<' exp
  120    | exp . TK_OC_AND exp
  120    | exp TK_OC_AND exp .
  121    | exp . TK_OC_OR exp
  126    | exp . '%' exp

    TK_OC_LE  shift, and go to state 153
    TK_OC_GE  shift, and go to state 154
    TK_OC_EQ  shift, and go to state 155
    TK_OC_NE  shift, and go to state 156
    '<'       shift, and go to state 159
    '>'       shift, and go to state 160
    '-'       shift, and go to state 161
    '+'       shift, and go to state 162
    '*'       shift, and go to state 163
    '/'       shift, and go to state 164
    '%'       shift, and go to state 165

    $default  reduce using rule 120 (exp)


State 204

  109 exp: exp . '+' exp
  110    | exp . '-' exp
  111    | exp . '*' exp
  112    | exp . '/' exp
  114    | exp . TK_OC_EQ exp
  115    | exp . TK_OC_NE exp
  116    | exp . TK_OC_GE
  117    | exp . TK_OC_LE exp
  118    | exp . '>' exp
  119    | exp . '<' exp
  120    | exp . TK_OC_AND exp
  121    | exp . TK_OC_OR exp
  121    | exp TK_OC_OR exp .
  126    | exp . '%' exp

    TK_OC_LE   shift, and go to state 153
    TK_OC_GE   shift, and go to state 154
    TK_OC_EQ   shift, and go to state 155
    TK_OC_NE   shift, and go to state 156
    TK_OC_AND  shift, and go to state 157
    '<'        shift, and go to state 159
    '>'        shift, and go to state 160
    '-'        shift, and go to state 161
    '+'        shift, and go to state 162
    '*'        shift, and go to state 163
    '/'        shift, and go to state 164
    '%'        shift, and go to state 165

    $default  reduce using rule 121 (exp)


State 205

  109 exp: exp . '+' exp
  110    | exp . '-' exp
  111    | exp . '*' exp
  112    | exp . '/' exp
  114    | exp . TK_OC_EQ exp
  115    | exp . TK_OC_NE exp
  116    | exp . TK_OC_GE
  117    | exp . TK_OC_LE exp
  118    | exp . '>' exp
  119    | exp . '<' exp
  119    | exp '<' exp .
  120    | exp . TK_OC_AND exp
  121    | exp . TK_OC_OR exp
  126    | exp . '%' exp

    '-'  shift, and go to state 161
    '+'  shift, and go to state 162
    '*'  shift, and go to state 163
    '/'  shift, and go to state 164
    '%'  shift, and go to state 165

    $default  reduce using rule 119 (exp)


State 206

  109 exp: exp . '+' exp
  110    | exp . '-' exp
  111    | exp . '*' exp
  112    | exp . '/' exp
  114    | exp . TK_OC_EQ exp
  115    | exp . TK_OC_NE exp
  116    | exp . TK_OC_GE
  117    | exp . TK_OC_LE exp
  118    | exp . '>' exp
  118    | exp '>' exp .
  119    | exp . '<' exp
  120    | exp . TK_OC_AND exp
  121    | exp . TK_OC_OR exp
  126    | exp . '%' exp

    '-'  shift, and go to state 161
    '+'  shift, and go to state 162
    '*'  shift, and go to state 163
    '/'  shift, and go to state 164
    '%'  shift, and go to state 165

    $default  reduce using rule 118 (exp)


State 207

  109 exp: exp . '+' exp
  110    | exp . '-' exp
  110    | exp '-' exp .
  111    | exp . '*' exp
  112    | exp . '/' exp
  114    | exp . TK_OC_EQ exp
  115    | exp . TK_OC_NE exp
  116    | exp . TK_OC_GE
  117    | exp . TK_OC_LE exp
  118    | exp . '>' exp
  119    | exp . '<' exp
  120    | exp . TK_OC_AND exp
  121    | exp . TK_OC_OR exp
  126    | exp . '%' exp

    '*'  shift, and go to state 163
    '/'  shift, and go to state 164
    '%'  shift, and go to state 165

    $default  reduce using rule 110 (exp)


State 208

  109 exp: exp . '+' exp
  109    | exp '+' exp .
  110    | exp . '-' exp
  111    | exp . '*' exp
  112    | exp . '/' exp
  114    | exp . TK_OC_EQ exp
  115    | exp . TK_OC_NE exp
  116    | exp . TK_OC_GE
  117    | exp . TK_OC_LE exp
  118    | exp . '>' exp
  119    | exp . '<' exp
  120    | exp . TK_OC_AND exp
  121    | exp . TK_OC_OR exp
  126    | exp . '%' exp

    '*'  shift, and go to state 163
    '/'  shift, and go to state 164
    '%'  shift, and go to state 165

    $default  reduce using rule 109 (exp)


State 209

  109 exp: exp . '+' exp
  110    | exp . '-' exp
  111    | exp . '*' exp
  111    | exp '*' exp .
  112    | exp . '/' exp
  114    | exp . TK_OC_EQ exp
  115    | exp . TK_OC_NE exp
  116    | exp . TK_OC_GE
  117    | exp . TK_OC_LE exp
  118    | exp . '>' exp
  119    | exp . '<' exp
  120    | exp . TK_OC_AND exp
  121    | exp . TK_OC_OR exp
  126    | exp . '%' exp

    $default  reduce using rule 111 (exp)


State 210

  109 exp: exp . '+' exp
  110    | exp . '-' exp
  111    | exp . '*' exp
  112    | exp . '/' exp
  112    | exp '/' exp .
  114    | exp . TK_OC_EQ exp
  115    | exp . TK_OC_NE exp
  116    | exp . TK_OC_GE
  117    | exp . TK_OC_LE exp
  118    | exp . '>' exp
  119    | exp . '<' exp
  120    | exp . TK_OC_AND exp
  121    | exp . TK_OC_OR exp
  126    | exp . '%' exp

    $default  reduce using rule 112 (exp)


State 211

  109 exp: exp . '+' exp
  110    | exp . '-' exp
  111    | exp . '*' exp
  112    | exp . '/' exp
  114    | exp . TK_OC_EQ exp
  115    | exp . TK_OC_NE exp
  116    | exp . TK_OC_GE
  117    | exp . TK_OC_LE exp
  118    | exp . '>' exp
  119    | exp . '<' exp
  120    | exp . TK_OC_AND exp
  121    | exp . TK_OC_OR exp
  126    | exp . '%' exp
  126    | exp '%' exp .

    $default  reduce using rule 126 (exp)


State 212

  109 exp: exp . '+' exp
  110    | exp . '-' exp
  111    | exp . '*' exp
  112    | exp . '/' exp
  114    | exp . TK_OC_EQ exp
  115    | exp . TK_OC_NE exp
  116    | exp . TK_OC_GE
  117    | exp . TK_OC_LE exp
  118    | exp . '>' exp
  119    | exp . '<' exp
  120    | exp . TK_OC_AND exp
  121    | exp . TK_OC_OR exp
  126    | exp . '%' exp
  133 exps_list: exps_list ',' exp .

    TK_OC_LE   shift, and go to state 153
    TK_OC_GE   shift, and go to state 154
    TK_OC_EQ   shift, and go to state 155
    TK_OC_NE   shift, and go to state 156
    TK_OC_AND  shift, and go to state 157
    TK_OC_OR   shift, and go to state 158
    '<'        shift, and go to state 159
    '>'        shift, and go to state 160
    '-'        shift, and go to state 161
    '+'        shift, and go to state 162
    '*'        shift, and go to state 163
    '/'        shift, and go to state 164
    '%'        shift, and go to state 165

    $default  reduce using rule 133 (exps_list)


State 213

   57 var_dec: TK_PR_CONST type TK_IDENTIFICADOR init_var .

    $default  reduce using rule 57 (var_dec)


State 214

   55 var_dec: TK_PR_STATIC TK_PR_CONST type TK_IDENTIFICADOR . init_var

    TK_OC_LE  shift, and go to state 188

    $default  reduce using rule 59 (init_var)

    init_var  go to state 238


State 215

   56 var_dec: TK_PR_STATIC type TK_IDENTIFICADOR init_var .

    $default  reduce using rule 56 (var_dec)


State 216

   95 foreach: TK_PR_FOREACH '(' TK_IDENTIFICADOR ':' . exps_list ')' block

    TK_LIT_INT        shift, and go to state 101
    TK_LIT_FLOAT      shift, and go to state 102
    TK_LIT_FALSE      shift, and go to state 103
    TK_LIT_TRUE       shift, and go to state 104
    TK_LIT_CHAR       shift, and go to state 105
    TK_LIT_STRING     shift, and go to state 106
    TK_IDENTIFICADOR  shift, and go to state 107
    '-'               shift, and go to state 108
    '!'               shift, and go to state 109
    '('               shift, and go to state 110
    '.'               shift, and go to state 111

    func_call  go to state 112
    pipe_exp   go to state 113
    exp        go to state 115
    exps_list  go to state 239


State 217

   99 for: TK_PR_FOR '(' cmd_list ':' . exp ':' cmd_list ')' block

    TK_LIT_INT        shift, and go to state 101
    TK_LIT_FLOAT      shift, and go to state 102
    TK_LIT_FALSE      shift, and go to state 103
    TK_LIT_TRUE       shift, and go to state 104
    TK_LIT_CHAR       shift, and go to state 105
    TK_LIT_STRING     shift, and go to state 106
    TK_IDENTIFICADOR  shift, and go to state 107
    '-'               shift, and go to state 108
    '!'               shift, and go to state 109
    '('               shift, and go to state 110
    '.'               shift, and go to state 111

    func_call  go to state 112
    pipe_exp   go to state 113
    exp        go to state 240


State 218

  101 cmd_list: cmd_list ',' . cmd

    TK_PR_INT         shift, and go to state 3
    TK_PR_FLOAT       shift, and go to state 4
    TK_PR_BOOL        shift, and go to state 5
    TK_PR_CHAR        shift, and go to state 6
    TK_PR_STRING      shift, and go to state 7
    TK_PR_CONST       shift, and go to state 69
    TK_PR_STATIC      shift, and go to state 70
    TK_IDENTIFICADOR  shift, and go to state 171

    native_type  go to state 13
    type         go to state 79
    var_dec      go to state 172
    shift_cmd    go to state 173
    assig_cmd    go to state 174
    cmd          go to state 241


State 219

   98 switch: TK_PR_SWITCH '(' exp ')' . block

    '{'  shift, and go to state 58

    block  go to state 242


State 220

   75 assig_cmd: TK_IDENTIFICADOR '[' exp ']' . '=' exp

    '='  shift, and go to state 243


State 221

   79 func_call: TK_IDENTIFICADOR '(' params ')' .

    $default  reduce using rule 79 (func_call)


State 222

   83 params_list: params_list ',' . param

    TK_LIT_INT        shift, and go to state 101
    TK_LIT_FLOAT      shift, and go to state 102
    TK_LIT_FALSE      shift, and go to state 103
    TK_LIT_TRUE       shift, and go to state 104
    TK_LIT_CHAR       shift, and go to state 105
    TK_LIT_STRING     shift, and go to state 106
    TK_IDENTIFICADOR  shift, and go to state 107
    '-'               shift, and go to state 108
    '!'               shift, and go to state 109
    '('               shift, and go to state 110
    '.'               shift, and go to state 111

    func_call  go to state 112
    param      go to state 244
    pipe_exp   go to state 113
    exp        go to state 185


State 223

   76 assig_cmd: TK_IDENTIFICADOR '.' TK_IDENTIFICADOR '=' . exp

    TK_LIT_INT        shift, and go to state 101
    TK_LIT_FLOAT      shift, and go to state 102
    TK_LIT_FALSE      shift, and go to state 103
    TK_LIT_TRUE       shift, and go to state 104
    TK_LIT_CHAR       shift, and go to state 105
    TK_LIT_STRING     shift, and go to state 106
    TK_IDENTIFICADOR  shift, and go to state 107
    '-'               shift, and go to state 108
    '!'               shift, and go to state 109
    '('               shift, and go to state 110
    '.'               shift, and go to state 111

    func_call  go to state 112
    pipe_exp   go to state 113
    exp        go to state 245


State 224

   62 literal: TK_LIT_INT .

    $default  reduce using rule 62 (literal)


State 225

   65 literal: TK_LIT_FLOAT .

    $default  reduce using rule 65 (literal)


State 226

   68 literal: TK_LIT_FALSE .

    $default  reduce using rule 68 (literal)


State 227

   69 literal: TK_LIT_TRUE .

    $default  reduce using rule 69 (literal)


State 228

   70 literal: TK_LIT_CHAR .

    $default  reduce using rule 70 (literal)


State 229

   71 literal: TK_LIT_STRING .

    $default  reduce using rule 71 (literal)


State 230

   61 init_var: TK_OC_LE TK_IDENTIFICADOR .

    $default  reduce using rule 61 (init_var)


State 231

   64 literal: '-' . TK_LIT_INT
   67        | '-' . TK_LIT_FLOAT

    TK_LIT_INT    shift, and go to state 246
    TK_LIT_FLOAT  shift, and go to state 247


State 232

   63 literal: '+' . TK_LIT_INT
   66        | '+' . TK_LIT_FLOAT

    TK_LIT_INT    shift, and go to state 248
    TK_LIT_FLOAT  shift, and go to state 249


State 233

   60 init_var: TK_OC_LE literal .

    $default  reduce using rule 60 (init_var)


State 234

   93 if_stm: TK_PR_IF '(' exp ')' TK_PR_THEN . block
   94       | TK_PR_IF '(' exp ')' TK_PR_THEN . block TK_PR_ELSE block

    '{'  shift, and go to state 58

    block  go to state 250


State 235

   96 while: TK_PR_WHILE '(' exp ')' TK_PR_DO . block

    '{'  shift, and go to state 58

    block  go to state 251


State 236

   97 do_while: TK_PR_DO block TK_PR_WHILE '(' exp . ')'
  109 exp: exp . '+' exp
  110    | exp . '-' exp
  111    | exp . '*' exp
  112    | exp . '/' exp
  114    | exp . TK_OC_EQ exp
  115    | exp . TK_OC_NE exp
  116    | exp . TK_OC_GE
  117    | exp . TK_OC_LE exp
  118    | exp . '>' exp
  119    | exp . '<' exp
  120    | exp . TK_OC_AND exp
  121    | exp . TK_OC_OR exp
  126    | exp . '%' exp

    TK_OC_LE   shift, and go to state 153
    TK_OC_GE   shift, and go to state 154
    TK_OC_EQ   shift, and go to state 155
    TK_OC_NE   shift, and go to state 156
    TK_OC_AND  shift, and go to state 157
    TK_OC_OR   shift, and go to state 158
    '<'        shift, and go to state 159
    '>'        shift, and go to state 160
    '-'        shift, and go to state 161
    '+'        shift, and go to state 162
    '*'        shift, and go to state 163
    '/'        shift, and go to state 164
    '%'        shift, and go to state 165
    ')'        shift, and go to state 252


State 237

  106 exp: TK_IDENTIFICADOR '[' exp ']' .

    $default  reduce using rule 106 (exp)


State 238

   55 var_dec: TK_PR_STATIC TK_PR_CONST type TK_IDENTIFICADOR init_var .

    $default  reduce using rule 55 (var_dec)


State 239

   95 foreach: TK_PR_FOREACH '(' TK_IDENTIFICADOR ':' exps_list . ')' block
  133 exps_list: exps_list . ',' exp

    ')'  shift, and go to state 253
    ','  shift, and go to state 166


State 240

   99 for: TK_PR_FOR '(' cmd_list ':' exp . ':' cmd_list ')' block
  109 exp: exp . '+' exp
  110    | exp . '-' exp
  111    | exp . '*' exp
  112    | exp . '/' exp
  114    | exp . TK_OC_EQ exp
  115    | exp . TK_OC_NE exp
  116    | exp . TK_OC_GE
  117    | exp . TK_OC_LE exp
  118    | exp . '>' exp
  119    | exp . '<' exp
  120    | exp . TK_OC_AND exp
  121    | exp . TK_OC_OR exp
  126    | exp . '%' exp

    TK_OC_LE   shift, and go to state 153
    TK_OC_GE   shift, and go to state 154
    TK_OC_EQ   shift, and go to state 155
    TK_OC_NE   shift, and go to state 156
    TK_OC_AND  shift, and go to state 157
    TK_OC_OR   shift, and go to state 158
    '<'        shift, and go to state 159
    '>'        shift, and go to state 160
    '-'        shift, and go to state 161
    '+'        shift, and go to state 162
    '*'        shift, and go to state 163
    '/'        shift, and go to state 164
    '%'        shift, and go to state 165
    ':'        shift, and go to state 254


State 241

  101 cmd_list: cmd_list ',' cmd .

    $default  reduce using rule 101 (cmd_list)


State 242

   98 switch: TK_PR_SWITCH '(' exp ')' block .

    $default  reduce using rule 98 (switch)


State 243

   75 assig_cmd: TK_IDENTIFICADOR '[' exp ']' '=' . exp

    TK_LIT_INT        shift, and go to state 101
    TK_LIT_FLOAT      shift, and go to state 102
    TK_LIT_FALSE      shift, and go to state 103
    TK_LIT_TRUE       shift, and go to state 104
    TK_LIT_CHAR       shift, and go to state 105
    TK_LIT_STRING     shift, and go to state 106
    TK_IDENTIFICADOR  shift, and go to state 107
    '-'               shift, and go to state 108
    '!'               shift, and go to state 109
    '('               shift, and go to state 110
    '.'               shift, and go to state 111

    func_call  go to state 112
    pipe_exp   go to state 113
    exp        go to state 255


State 244

   83 params_list: params_list ',' param .

    $default  reduce using rule 83 (params_list)


State 245

   76 assig_cmd: TK_IDENTIFICADOR '.' TK_IDENTIFICADOR '=' exp .
  109 exp: exp . '+' exp
  110    | exp . '-' exp
  111    | exp . '*' exp
  112    | exp . '/' exp
  114    | exp . TK_OC_EQ exp
  115    | exp . TK_OC_NE exp
  116    | exp . TK_OC_GE
  117    | exp . TK_OC_LE exp
  118    | exp . '>' exp
  119    | exp . '<' exp
  120    | exp . TK_OC_AND exp
  121    | exp . TK_OC_OR exp
  126    | exp . '%' exp

    TK_OC_LE   shift, and go to state 153
    TK_OC_GE   shift, and go to state 154
    TK_OC_EQ   shift, and go to state 155
    TK_OC_NE   shift, and go to state 156
    TK_OC_AND  shift, and go to state 157
    TK_OC_OR   shift, and go to state 158
    '<'        shift, and go to state 159
    '>'        shift, and go to state 160
    '-'        shift, and go to state 161
    '+'        shift, and go to state 162
    '*'        shift, and go to state 163
    '/'        shift, and go to state 164
    '%'        shift, and go to state 165

    $default  reduce using rule 76 (assig_cmd)


State 246

   64 literal: '-' TK_LIT_INT .

    $default  reduce using rule 64 (literal)


State 247

   67 literal: '-' TK_LIT_FLOAT .

    $default  reduce using rule 67 (literal)


State 248

   63 literal: '+' TK_LIT_INT .

    $default  reduce using rule 63 (literal)


State 249

   66 literal: '+' TK_LIT_FLOAT .

    $default  reduce using rule 66 (literal)


State 250

   93 if_stm: TK_PR_IF '(' exp ')' TK_PR_THEN block .
   94       | TK_PR_IF '(' exp ')' TK_PR_THEN block . TK_PR_ELSE block

    TK_PR_ELSE  shift, and go to state 256

    $default  reduce using rule 93 (if_stm)


State 251

   96 while: TK_PR_WHILE '(' exp ')' TK_PR_DO block .

    $default  reduce using rule 96 (while)


State 252

   97 do_while: TK_PR_DO block TK_PR_WHILE '(' exp ')' .

    $default  reduce using rule 97 (do_while)


State 253

   95 foreach: TK_PR_FOREACH '(' TK_IDENTIFICADOR ':' exps_list ')' . block

    '{'  shift, and go to state 58

    block  go to state 257


State 254

   99 for: TK_PR_FOR '(' cmd_list ':' exp ':' . cmd_list ')' block

    TK_PR_INT         shift, and go to state 3
    TK_PR_FLOAT       shift, and go to state 4
    TK_PR_BOOL        shift, and go to state 5
    TK_PR_CHAR        shift, and go to state 6
    TK_PR_STRING      shift, and go to state 7
    TK_PR_CONST       shift, and go to state 69
    TK_PR_STATIC      shift, and go to state 70
    TK_IDENTIFICADOR  shift, and go to state 171

    native_type  go to state 13
    type         go to state 79
    var_dec      go to state 172
    shift_cmd    go to state 173
    assig_cmd    go to state 174
    cmd_list     go to state 258
    cmd          go to state 176


State 255

   75 assig_cmd: TK_IDENTIFICADOR '[' exp ']' '=' exp .
  109 exp: exp . '+' exp
  110    | exp . '-' exp
  111    | exp . '*' exp
  112    | exp . '/' exp
  114    | exp . TK_OC_EQ exp
  115    | exp . TK_OC_NE exp
  116    | exp . TK_OC_GE
  117    | exp . TK_OC_LE exp
  118    | exp . '>' exp
  119    | exp . '<' exp
  120    | exp . TK_OC_AND exp
  121    | exp . TK_OC_OR exp
  126    | exp . '%' exp

    TK_OC_LE   shift, and go to state 153
    TK_OC_GE   shift, and go to state 154
    TK_OC_EQ   shift, and go to state 155
    TK_OC_NE   shift, and go to state 156
    TK_OC_AND  shift, and go to state 157
    TK_OC_OR   shift, and go to state 158
    '<'        shift, and go to state 159
    '>'        shift, and go to state 160
    '-'        shift, and go to state 161
    '+'        shift, and go to state 162
    '*'        shift, and go to state 163
    '/'        shift, and go to state 164
    '%'        shift, and go to state 165

    $default  reduce using rule 75 (assig_cmd)


State 256

   94 if_stm: TK_PR_IF '(' exp ')' TK_PR_THEN block TK_PR_ELSE . block

    '{'  shift, and go to state 58

    block  go to state 259


State 257

   95 foreach: TK_PR_FOREACH '(' TK_IDENTIFICADOR ':' exps_list ')' block .

    $default  reduce using rule 95 (foreach)


State 258

   99 for: TK_PR_FOR '(' cmd_list ':' exp ':' cmd_list . ')' block
  101 cmd_list: cmd_list . ',' cmd

    ')'  shift, and go to state 260
    ','  shift, and go to state 218


State 259

   94 if_stm: TK_PR_IF '(' exp ')' TK_PR_THEN block TK_PR_ELSE block .

    $default  reduce using rule 94 (if_stm)


State 260

   99 for: TK_PR_FOR '(' cmd_list ':' exp ':' cmd_list ')' . block

    '{'  shift, and go to state 58

    block  go to state 261


State 261

   99 for: TK_PR_FOR '(' cmd_list ':' exp ':' cmd_list ')' block .

    $default  reduce using rule 99 (for)
